This file contains any messages produced by compilers while
running configure, to aid debugging if configure makes a mistake.

It was created by dfu-programmer configure 0.5.2, which was
generated by GNU Autoconf 2.68.  Invocation command line was

  $ ./configure LIBUSB_1_0_CFLAGS=-I/usr/local/include/libusb-1.0 LIBUSB_1_0_LIBS=-L/usr/local/lib -lusb-1.0

## --------- ##
## Platform. ##
## --------- ##

hostname = cn00052.local
uname -m = i386
uname -r = 10.8.0
uname -s = Darwin
uname -v = Darwin Kernel Version 10.8.0: Tue Jun  7 16:33:36 PDT 2011; root:xnu-1504.15.3~1/RELEASE_I386

/usr/bin/uname -p = i386
/bin/uname -X     = unknown

/bin/arch              = unknown
/usr/bin/arch -k       = unknown
/usr/convex/getsysinfo = unknown
/usr/bin/hostinfo      = Mach kernel version:
	 Darwin Kernel Version 10.8.0: Tue Jun  7 16:33:36 PDT 2011; root:xnu-1504.15.3~1/RELEASE_I386
Kernel configured for up to 2 processors.
2 processors are physically available.
2 processors are logically available.
Processor type: i486 (Intel 80486)
Processors active: 0 1
Primary memory available: 4.00 gigabytes
Default processor set: 80 tasks, 400 threads, 2 processors
Load average: 1.19, Mach factor: 0.85
/bin/machine           = unknown
/usr/bin/oslevel       = unknown
/bin/universe          = unknown

PATH: /usr/bin
PATH: /bin
PATH: /usr/sbin
PATH: /sbin
PATH: /usr/local/bin
PATH: /usr/X11/bin


## ----------- ##
## Core tests. ##
## ----------- ##

configure:2189: checking for a BSD-compatible install
configure:2257: result: /usr/bin/install -c
configure:2268: checking whether build environment is sane
configure:2318: result: yes
configure:2459: checking for a thread-safe mkdir -p
configure:2498: result: m4/install-sh -c -d
configure:2511: checking for gawk
configure:2541: result: no
configure:2511: checking for mawk
configure:2541: result: no
configure:2511: checking for nawk
configure:2541: result: no
configure:2511: checking for awk
configure:2527: found /usr/bin/awk
configure:2538: result: awk
configure:2549: checking whether make sets $(MAKE)
configure:2571: result: yes
configure:2656: checking whether to enable maintainer-specific portions of Makefiles
configure:2665: result: no
configure:2728: checking for gcc
configure:2744: found /usr/bin/gcc
configure:2755: result: gcc
configure:2984: checking for C compiler version
configure:2993: gcc --version >&5
i686-apple-darwin10-llvm-gcc-4.2 (GCC) 4.2.1 (Based on Apple Inc. build 5658) (LLVM build 2336.1.00)
Copyright (C) 2007 Free Software Foundation, Inc.
This is free software; see the source for copying conditions.  There is NO
warranty; not even for MERCHANTABILITY or FITNESS FOR A PARTICULAR PURPOSE.

configure:3004: $? = 0
configure:2993: gcc -v >&5
Using built-in specs.
Target: i686-apple-darwin10
Configured with: /private/var/tmp/llvmgcc42/llvmgcc42-2336.1~3/src/configure --disable-checking --enable-werror --prefix=/Developer/usr/llvm-gcc-4.2 --mandir=/share/man --enable-languages=c,objc,c++,obj-c++ --program-prefix=llvm- --program-transform-name=/^[cg][^.-]*$/s/$/-4.2/ --with-slibdir=/usr/lib --build=i686-apple-darwin10 --enable-llvm=/private/var/tmp/llvmgcc42/llvmgcc42-2336.1~3/dst-llvmCore/Developer/usr/local --program-prefix=i686-apple-darwin10- --host=x86_64-apple-darwin10 --target=i686-apple-darwin10 --with-gxx-include-dir=/usr/include/c++/4.2.1
Thread model: posix
gcc version 4.2.1 (Based on Apple Inc. build 5658) (LLVM build 2336.1.00)
configure:3004: $? = 0
configure:2993: gcc -V >&5
llvm-gcc-4.2: argument to `-V' is missing
configure:3004: $? = 1
configure:2993: gcc -qversion >&5
i686-apple-darwin10-llvm-gcc-4.2: no input files
configure:3004: $? = 1
configure:3024: checking whether the C compiler works
configure:3046: gcc    conftest.c  >&5
configure:3050: $? = 0
configure:3098: result: yes
configure:3101: checking for C compiler default output file name
configure:3103: result: a.out
configure:3109: checking for suffix of executables
configure:3116: gcc -o conftest    conftest.c  >&5
configure:3120: $? = 0
configure:3142: result: 
configure:3164: checking whether we are cross compiling
configure:3172: gcc -o conftest    conftest.c  >&5
configure:3176: $? = 0
configure:3183: ./conftest
configure:3187: $? = 0
configure:3202: result: no
configure:3207: checking for suffix of object files
configure:3229: gcc -c   conftest.c >&5
configure:3233: $? = 0
configure:3254: result: o
configure:3258: checking whether we are using the GNU C compiler
configure:3277: gcc -c   conftest.c >&5
configure:3277: $? = 0
configure:3286: result: yes
configure:3295: checking whether gcc accepts -g
configure:3315: gcc -c -g  conftest.c >&5
configure:3315: $? = 0
configure:3356: result: yes
configure:3373: checking for gcc option to accept ISO C89
configure:3437: gcc  -c -g -O2  conftest.c >&5
configure:3437: $? = 0
configure:3450: result: none needed
configure:3481: checking for style of include used by make
configure:3509: result: GNU
configure:3534: checking dependency style of gcc
configure:3644: result: gcc3
configure:3725: checking for pkg-config
configure:3758: result: no
configure:3793: checking for LIBUSB_1_0
configure:3856: result: yes
configure:4377: checking for ANSI C header files
configure:4397: gcc -c -g -O2 -I/usr/local/include/libusb-1.0  conftest.c >&5
configure:4397: $? = 0
./configure: line 4411: conftest.c: command not found
configure:4481: result: no
configure:4491: checking for an ANSI C-conforming const
configure:4556: gcc -c -g -O2 -I/usr/local/include/libusb-1.0  conftest.c >&5
configure:4556: $? = 0
configure:4563: result: yes
configure:4571: checking for size_t
configure:4571: gcc -c -g -O2 -I/usr/local/include/libusb-1.0  conftest.c >&5
configure:4571: $? = 0
configure:4571: gcc -c -g -O2 -I/usr/local/include/libusb-1.0  conftest.c >&5
conftest.c: In function 'main':
conftest.c:48: error: expected expression before ')' token
configure:4571: $? = 1
configure: failed program was:
| /* confdefs.h */
| #define PACKAGE_NAME "dfu-programmer"
| #define PACKAGE_TARNAME "dfu-programmer"
| #define PACKAGE_VERSION "0.5.2"
| #define PACKAGE_STRING "dfu-programmer 0.5.2"
| #define PACKAGE_BUGREPORT ""
| #define PACKAGE_URL ""
| #define PACKAGE "dfu-programmer"
| #define VERSION "0.5.2"
| #define HAVE_LIBUSB_1_0 1
| /* end confdefs.h.  */
| #include <stdio.h>
| #ifdef HAVE_SYS_TYPES_H
| # include <sys/types.h>
| #endif
| #ifdef HAVE_SYS_STAT_H
| # include <sys/stat.h>
| #endif
| #ifdef STDC_HEADERS
| # include <stdlib.h>
| # include <stddef.h>
| #else
| # ifdef HAVE_STDLIB_H
| #  include <stdlib.h>
| # endif
| #endif
| #ifdef HAVE_STRING_H
| # if !defined STDC_HEADERS && defined HAVE_MEMORY_H
| #  include <memory.h>
| # endif
| # include <string.h>
| #endif
| #ifdef HAVE_STRINGS_H
| # include <strings.h>
| #endif
| #ifdef HAVE_INTTYPES_H
| # include <inttypes.h>
| #endif
| #ifdef HAVE_STDINT_H
| # include <stdint.h>
| #endif
| #ifdef HAVE_UNISTD_H
| # include <unistd.h>
| #endif
| int
| main ()
| {
| if (sizeof ((size_t)))
| 	    return 0;
|   ;
|   return 0;
| }
configure:4571: result: yes
configure:4586: checking stdlib.h usability
configure:4586: gcc -c -g -O2 -I/usr/local/include/libusb-1.0  conftest.c >&5
configure:4586: $? = 0
configure:4586: result: yes
configure:4586: checking stdlib.h presence
configure:4586:   conftest.c
./configure: line 1488: conftest.c: command not found
configure:4586: $? = 127
configure: failed program was:
| /* confdefs.h */
| #define PACKAGE_NAME "dfu-programmer"
| #define PACKAGE_TARNAME "dfu-programmer"
| #define PACKAGE_VERSION "0.5.2"
| #define PACKAGE_STRING "dfu-programmer 0.5.2"
| #define PACKAGE_BUGREPORT ""
| #define PACKAGE_URL ""
| #define PACKAGE "dfu-programmer"
| #define VERSION "0.5.2"
| #define HAVE_LIBUSB_1_0 1
| /* end confdefs.h.  */
| #include <stdlib.h>
configure:4586: result: no
configure:4586: WARNING: stdlib.h: accepted by the compiler, rejected by the preprocessor!
configure:4586: WARNING: stdlib.h: proceeding with the compiler's result
configure:4586: checking for stdlib.h
configure:4586: result: yes
configure:4596: checking for GNU libc compatible malloc
configure:4620: gcc -o conftest -g -O2 -I/usr/local/include/libusb-1.0   -L/usr/local/lib -lusb-1.0 conftest.c  >&5
configure:4620: $? = 0
configure:4620: ./conftest
configure:4620: $? = 0
configure:4630: result: yes
configure:4651: checking for working memcmp
configure:4694: gcc -o conftest -g -O2 -I/usr/local/include/libusb-1.0   -L/usr/local/lib -lusb-1.0 conftest.c  >&5
conftest.c: In function 'main':
conftest.c:67: warning: incompatible implicit declaration of built-in function 'strcpy'
configure:4694: $? = 0
configure:4694: ./conftest
configure:4694: $? = 0
configure:4704: result: yes
configure:4715: checking for memset
configure:4715: result: no
configure:4861: creating ./config.status

## ---------------------- ##
## Running config.status. ##
## ---------------------- ##

This file was extended by dfu-programmer config.status 0.5.2, which was
generated by GNU Autoconf 2.68.  Invocation command line was

  CONFIG_FILES    = 
  CONFIG_HEADERS  = 
  CONFIG_LINKS    = 
  CONFIG_COMMANDS = 
  $ ./config.status 

on cn00052.local

config.status:863: creating fedora/dfu-programmer.spec
config.status:863: creating Makefile
config.status:863: creating docs/Makefile
config.status:863: creating src/Makefile
config.status:863: creating config.h
config.status:1044: config.h is unchanged
config.status:1092: executing depfiles commands

## ---------------- ##
## Cache variables. ##
## ---------------- ##

ac_cv_c_compiler_gnu=yes
ac_cv_c_const=yes
ac_cv_env_CC_set=
ac_cv_env_CC_value=
ac_cv_env_CFLAGS_set=
ac_cv_env_CFLAGS_value=
ac_cv_env_CPPFLAGS_set=
ac_cv_env_CPPFLAGS_value=
ac_cv_env_CPP_set=
ac_cv_env_CPP_value=
ac_cv_env_LDFLAGS_set=
ac_cv_env_LDFLAGS_value=
ac_cv_env_LIBS_set=
ac_cv_env_LIBS_value=
ac_cv_env_LIBUSB_1_0_CFLAGS_set=set
ac_cv_env_LIBUSB_1_0_CFLAGS_value=-I/usr/local/include/libusb-1.0
ac_cv_env_LIBUSB_1_0_LIBS_set=set
ac_cv_env_LIBUSB_1_0_LIBS_value='-L/usr/local/lib -lusb-1.0'
ac_cv_env_PKG_CONFIG_LIBDIR_set=
ac_cv_env_PKG_CONFIG_LIBDIR_value=
ac_cv_env_PKG_CONFIG_PATH_set=
ac_cv_env_PKG_CONFIG_PATH_value=
ac_cv_env_PKG_CONFIG_set=
ac_cv_env_PKG_CONFIG_value=
ac_cv_env_build_alias_set=
ac_cv_env_build_alias_value=
ac_cv_env_host_alias_set=
ac_cv_env_host_alias_value=
ac_cv_env_target_alias_set=
ac_cv_env_target_alias_value=
ac_cv_func_malloc_0_nonnull=yes
ac_cv_func_memcmp_working=yes
ac_cv_func_memset=no
ac_cv_header_stdc=no
ac_cv_header_stdlib_h=yes
ac_cv_objext=o
ac_cv_path_install='/usr/bin/install -c'
ac_cv_prog_AWK=awk
ac_cv_prog_ac_ct_CC=gcc
ac_cv_prog_cc_c89=
ac_cv_prog_cc_g=yes
ac_cv_prog_make_make_set=yes
ac_cv_type_size_t=yes
am_cv_CC_dependencies_compiler_type=gcc3
pkg_cv_LIBUSB_1_0_CFLAGS=-I/usr/local/include/libusb-1.0
pkg_cv_LIBUSB_1_0_LIBS='-L/usr/local/lib -lusb-1.0'

## ----------------- ##
## Output variables. ##
## ----------------- ##

ACLOCAL='${SHELL} /Users/AVLoans/Desktop/dfu_programmer_install/dfu-programmer/m4/missing --run aclocal-1.11'
AMDEPBACKSLASH='\'
AMDEP_FALSE='#'
AMDEP_TRUE=''
AMTAR='${SHELL} /Users/AVLoans/Desktop/dfu_programmer_install/dfu-programmer/m4/missing --run tar'
AUTOCONF='${SHELL} /Users/AVLoans/Desktop/dfu_programmer_install/dfu-programmer/m4/missing --run autoconf'
AUTOHEADER='${SHELL} /Users/AVLoans/Desktop/dfu_programmer_install/dfu-programmer/m4/missing --run autoheader'
AUTOMAKE='${SHELL} /Users/AVLoans/Desktop/dfu_programmer_install/dfu-programmer/m4/missing --run automake-1.11'
AWK='awk'
CC='gcc'
CCDEPMODE='depmode=gcc3'
CFLAGS='-g -O2 -I/usr/local/include/libusb-1.0'
CPP=''
CPPFLAGS=''
CYGPATH_W='echo'
DEFS='-DHAVE_CONFIG_H'
DEPDIR='.deps'
ECHO_C='\c'
ECHO_N=''
ECHO_T=''
EGREP=''
EXEEXT=''
GREP=''
INSTALL_DATA='${INSTALL} -m 644'
INSTALL_PROGRAM='${INSTALL}'
INSTALL_SCRIPT='${INSTALL}'
INSTALL_STRIP_PROGRAM='$(install_sh) -c -s'
LDFLAGS=' -L/usr/local/lib -lusb-1.0'
LIBOBJS=''
LIBS=''
LIBUSB_1_0_CFLAGS='-I/usr/local/include/libusb-1.0'
LIBUSB_1_0_LIBS='-L/usr/local/lib -lusb-1.0'
LTLIBOBJS=''
MAINT='#'
MAINTAINER_MODE_FALSE=''
MAINTAINER_MODE_TRUE='#'
MAKEINFO='${SHELL} /Users/AVLoans/Desktop/dfu_programmer_install/dfu-programmer/m4/missing --run makeinfo'
MKDIR_P='m4/install-sh -c -d'
OBJEXT='o'
PACKAGE='dfu-programmer'
PACKAGE_BUGREPORT=''
PACKAGE_NAME='dfu-programmer'
PACKAGE_STRING='dfu-programmer 0.5.2'
PACKAGE_TARNAME='dfu-programmer'
PACKAGE_URL=''
PACKAGE_VERSION='0.5.2'
PATH_SEPARATOR=':'
PKG_CONFIG=''
PKG_CONFIG_LIBDIR=''
PKG_CONFIG_PATH=''
SET_MAKE=''
SHELL='/bin/sh'
STRIP=''
VERSION='0.5.2'
ac_ct_CC='gcc'
am__EXEEXT_FALSE=''
am__EXEEXT_TRUE='#'
am__fastdepCC_FALSE='#'
am__fastdepCC_TRUE=''
am__include='include'
am__isrc=''
am__leading_dot='.'
am__quote=''
am__tar='${AMTAR} chof - "$$tardir"'
am__untar='${AMTAR} xf -'
bindir='${exec_prefix}/bin'
build_alias=''
datadir='${datarootdir}'
datarootdir='${prefix}/share'
docdir='${datarootdir}/doc/${PACKAGE_TARNAME}'
dvidir='${docdir}'
exec_prefix='${prefix}'
host_alias=''
htmldir='${docdir}'
includedir='${prefix}/include'
infodir='${datarootdir}/info'
install_sh='${SHELL} /Users/AVLoans/Desktop/dfu_programmer_install/dfu-programmer/m4/install-sh'
libdir='${exec_prefix}/lib'
libexecdir='${exec_prefix}/libexec'
localedir='${datarootdir}/locale'
localstatedir='${prefix}/var'
mandir='${datarootdir}/man'
mkdir_p='$(top_builddir)/m4/install-sh -c -d'
oldincludedir='/usr/include'
pdfdir='${docdir}'
prefix='/usr/local'
program_transform_name='s,x,x,'
psdir='${docdir}'
sbindir='${exec_prefix}/sbin'
sharedstatedir='${prefix}/com'
sysconfdir='${prefix}/etc'
target_alias=''

## ----------- ##
## confdefs.h. ##
## ----------- ##

/* confdefs.h */
#define PACKAGE_NAME "dfu-programmer"
#define PACKAGE_TARNAME "dfu-programmer"
#define PACKAGE_VERSION "0.5.2"
#define PACKAGE_STRING "dfu-programmer 0.5.2"
#define PACKAGE_BUGREPORT ""
#define PACKAGE_URL ""
#define PACKAGE "dfu-programmer"
#define VERSION "0.5.2"
#define HAVE_LIBUSB_1_0 1
#define HAVE_STDLIB_H 1
#define HAVE_MALLOC 1

configure: exit 0
