This file contains any messages produced by compilers while
running configure, to aid debugging if configure makes a mistake.

It was created by libusb configure 1.0.8, which was
generated by GNU Autoconf 2.65.  Invocation command line was

  $ ./configure 

## --------- ##
## Platform. ##
## --------- ##

hostname = cn00052.local
uname -m = i386
uname -r = 10.8.0
uname -s = Darwin
uname -v = Darwin Kernel Version 10.8.0: Tue Jun  7 16:33:36 PDT 2011; root:xnu-1504.15.3~1/RELEASE_I386

/usr/bin/uname -p = i386
/bin/uname -X     = unknown

/bin/arch              = unknown
/usr/bin/arch -k       = unknown
/usr/convex/getsysinfo = unknown
/usr/bin/hostinfo      = Mach kernel version:
	 Darwin Kernel Version 10.8.0: Tue Jun  7 16:33:36 PDT 2011; root:xnu-1504.15.3~1/RELEASE_I386
Kernel configured for up to 2 processors.
2 processors are physically available.
2 processors are logically available.
Processor type: i486 (Intel 80486)
Processors active: 0 1
Primary memory available: 4.00 gigabytes
Default processor set: 78 tasks, 387 threads, 2 processors
Load average: 0.36, Mach factor: 1.63
/bin/machine           = unknown
/usr/bin/oslevel       = unknown
/bin/universe          = unknown

PATH: /usr/bin
PATH: /bin
PATH: /usr/sbin
PATH: /sbin
PATH: /usr/local/bin
PATH: /usr/X11/bin


## ----------- ##
## Core tests. ##
## ----------- ##

configure:2399: checking for a BSD-compatible install
configure:2467: result: /usr/bin/install -c
configure:2478: checking whether build environment is sane
configure:2528: result: yes
configure:2669: checking for a thread-safe mkdir -p
configure:2708: result: ./install-sh -c -d
configure:2721: checking for gawk
configure:2751: result: no
configure:2721: checking for mawk
configure:2751: result: no
configure:2721: checking for nawk
configure:2751: result: no
configure:2721: checking for awk
configure:2737: found /usr/bin/awk
configure:2748: result: awk
configure:2759: checking whether make sets $(MAKE)
configure:2781: result: yes
configure:2927: checking for gcc
configure:2943: found /usr/bin/gcc
configure:2954: result: gcc
configure:3183: checking for C compiler version
configure:3192: gcc --version >&5
i686-apple-darwin10-llvm-gcc-4.2 (GCC) 4.2.1 (Based on Apple Inc. build 5658) (LLVM build 2336.1.00)
Copyright (C) 2007 Free Software Foundation, Inc.
This is free software; see the source for copying conditions.  There is NO
warranty; not even for MERCHANTABILITY or FITNESS FOR A PARTICULAR PURPOSE.

configure:3203: $? = 0
configure:3192: gcc -v >&5
Using built-in specs.
Target: i686-apple-darwin10
Configured with: /private/var/tmp/llvmgcc42/llvmgcc42-2336.1~3/src/configure --disable-checking --enable-werror --prefix=/Developer/usr/llvm-gcc-4.2 --mandir=/share/man --enable-languages=c,objc,c++,obj-c++ --program-prefix=llvm- --program-transform-name=/^[cg][^.-]*$/s/$/-4.2/ --with-slibdir=/usr/lib --build=i686-apple-darwin10 --enable-llvm=/private/var/tmp/llvmgcc42/llvmgcc42-2336.1~3/dst-llvmCore/Developer/usr/local --program-prefix=i686-apple-darwin10- --host=x86_64-apple-darwin10 --target=i686-apple-darwin10 --with-gxx-include-dir=/usr/include/c++/4.2.1
Thread model: posix
gcc version 4.2.1 (Based on Apple Inc. build 5658) (LLVM build 2336.1.00)
configure:3203: $? = 0
configure:3192: gcc -V >&5
llvm-gcc-4.2: argument to `-V' is missing
configure:3203: $? = 1
configure:3192: gcc -qversion >&5
i686-apple-darwin10-llvm-gcc-4.2: no input files
configure:3203: $? = 1
configure:3223: checking whether the C compiler works
configure:3245: gcc    conftest.c  >&5
configure:3249: $? = 0
configure:3298: result: yes
configure:3301: checking for C compiler default output file name
configure:3303: result: a.out
configure:3309: checking for suffix of executables
configure:3316: gcc -o conftest    conftest.c  >&5
configure:3320: $? = 0
configure:3342: result: 
configure:3364: checking whether we are cross compiling
configure:3372: gcc -o conftest    conftest.c  >&5
configure:3376: $? = 0
configure:3383: ./conftest
configure:3387: $? = 0
configure:3402: result: no
configure:3407: checking for suffix of object files
configure:3429: gcc -c   conftest.c >&5
configure:3433: $? = 0
configure:3454: result: o
configure:3458: checking whether we are using the GNU C compiler
configure:3477: gcc -c   conftest.c >&5
configure:3477: $? = 0
configure:3486: result: yes
configure:3495: checking whether gcc accepts -g
configure:3515: gcc -c -g  conftest.c >&5
configure:3515: $? = 0
configure:3556: result: yes
configure:3573: checking for gcc option to accept ISO C89
configure:3637: gcc  -c -g -O2  conftest.c >&5
configure:3637: $? = 0
configure:3650: result: none needed
configure:3681: checking for style of include used by make
configure:3709: result: GNU
configure:3734: checking dependency style of gcc
configure:3844: result: gcc3
configure:3888: checking build system type
configure:3902: result: i386-apple-darwin10.8.0
configure:3922: checking host system type
configure:3935: result: i386-apple-darwin10.8.0
configure:3955: checking for a sed that does not truncate output
configure:4019: result: /usr/bin/sed
configure:4037: checking for grep that handles long lines and -e
configure:4095: result: /usr/bin/grep
configure:4100: checking for egrep
configure:4162: result: /usr/bin/grep -E
configure:4167: checking for fgrep
configure:4229: result: /usr/bin/grep -F
configure:4264: checking for ld used by gcc
configure:4331: result: /usr/llvm-gcc-4.2/libexec/gcc/i686-apple-darwin10/4.2.1/ld
configure:4338: checking if the linker (/usr/llvm-gcc-4.2/libexec/gcc/i686-apple-darwin10/4.2.1/ld) is GNU ld
configure:4353: result: no
configure:4365: checking for BSD- or MS-compatible name lister (nm)
configure:4414: result: /usr/bin/nm
configure:4532: checking the name lister (/usr/bin/nm) interface
configure:4539: gcc -c -g -O2  conftest.c >&5
configure:4542: /usr/bin/nm "conftest.o"
configure:4545: output
00000000000001c0 S _some_variable
configure:4552: result: BSD nm
configure:4555: checking whether ln -s works
configure:4559: result: yes
configure:4567: checking the maximum length of command line arguments
configure:4687: result: 196608
configure:4704: checking whether the shell understands some XSI constructs
configure:4714: result: yes
configure:4718: checking whether the shell understands "+="
configure:4724: result: yes
configure:4759: checking for /usr/llvm-gcc-4.2/libexec/gcc/i686-apple-darwin10/4.2.1/ld option to reload object files
configure:4766: result: -r
configure:4835: checking for objdump
configure:4865: result: no
configure:4894: checking how to recognize dependent libraries
configure:5090: result: pass_all
configure:5150: checking for ar
configure:5166: found /usr/bin/ar
configure:5177: result: ar
configure:5255: checking for strip
configure:5271: found /usr/bin/strip
configure:5282: result: strip
configure:5354: checking for ranlib
configure:5370: found /usr/bin/ranlib
configure:5381: result: ranlib
configure:5471: checking command to parse /usr/bin/nm output from gcc object
configure:5589: gcc -c -g -O2  conftest.c >&5
configure:5592: $? = 0
configure:5596: /usr/bin/nm conftest.o \| sed -n -e 's/^.*[	 ]\([BCDEGRST][BCDEGRST]*\)[	 ][	 ]*\([_A-Za-z][_A-Za-z0-9]*\)$/\1 \2 \2/p' \> conftest.nm
configure:5599: $? = 0
cannot find nm_test_var in conftest.nm
configure:5589: gcc -c -g -O2  conftest.c >&5
configure:5592: $? = 0
configure:5596: /usr/bin/nm conftest.o \| sed -n -e 's/^.*[	 ]\([BCDEGRST][BCDEGRST]*\)[	 ][	 ]*_\([_A-Za-z][_A-Za-z0-9]*\)$/\1 _\2 \2/p' \> conftest.nm
configure:5599: $? = 0
configure:5653: gcc -o conftest -g -O2   conftest.c conftstm.o >&5
configure:5656: $? = 0
configure:5694: result: ok
configure:5959: checking for dsymutil
configure:5975: found /usr/bin/dsymutil
configure:5986: result: dsymutil
configure:6051: checking for nmedit
configure:6067: found /usr/bin/nmedit
configure:6078: result: nmedit
configure:6143: checking for lipo
configure:6159: found /usr/bin/lipo
configure:6170: result: lipo
configure:6235: checking for otool
configure:6251: found /usr/bin/otool
configure:6262: result: otool
configure:6327: checking for otool64
configure:6357: result: no
configure:6402: checking for -single_module linker flag
gcc -g -O2  -o libconftest.dylib -dynamiclib -Wl,-single_module conftest.c
configure:6429: result: yes
configure:6431: checking for -exported_symbols_list linker flag
configure:6451: gcc -o conftest -g -O2   -Wl,-exported_symbols_list,conftest.sym conftest.c  >&5
configure:6451: $? = 0
configure:6461: result: yes
configure:6503: checking how to run the C preprocessor
configure:6534: gcc -E  conftest.c
configure:6534: $? = 0
configure:6548: gcc -E  conftest.c
conftest.c:11:28: error: ac_nonexistent.h: No such file or directory
configure:6548: $? = 1
configure: failed program was:
| /* confdefs.h */
| #define PACKAGE_NAME "libusb"
| #define PACKAGE_TARNAME "libusb"
| #define PACKAGE_VERSION "1.0.8"
| #define PACKAGE_STRING "libusb 1.0.8"
| #define PACKAGE_BUGREPORT ""
| #define PACKAGE_URL ""
| #define PACKAGE "libusb"
| #define VERSION "1.0.8"
| /* end confdefs.h.  */
| #include <ac_nonexistent.h>
configure:6573: result: gcc -E
configure:6593: gcc -E  conftest.c
configure:6593: $? = 0
configure:6607: gcc -E  conftest.c
conftest.c:11:28: error: ac_nonexistent.h: No such file or directory
configure:6607: $? = 1
configure: failed program was:
| /* confdefs.h */
| #define PACKAGE_NAME "libusb"
| #define PACKAGE_TARNAME "libusb"
| #define PACKAGE_VERSION "1.0.8"
| #define PACKAGE_STRING "libusb 1.0.8"
| #define PACKAGE_BUGREPORT ""
| #define PACKAGE_URL ""
| #define PACKAGE "libusb"
| #define VERSION "1.0.8"
| /* end confdefs.h.  */
| #include <ac_nonexistent.h>
configure:6636: checking for ANSI C header files
configure:6656: gcc -c -g -O2  conftest.c >&5
configure:6656: $? = 0
configure:6729: gcc -o conftest -g -O2   conftest.c  >&5
configure:6729: $? = 0
configure:6729: ./conftest
configure:6729: $? = 0
configure:6740: result: yes
configure:6753: checking for sys/types.h
configure:6753: gcc -c -g -O2  conftest.c >&5
configure:6753: $? = 0
configure:6753: result: yes
configure:6753: checking for sys/stat.h
configure:6753: gcc -c -g -O2  conftest.c >&5
configure:6753: $? = 0
configure:6753: result: yes
configure:6753: checking for stdlib.h
configure:6753: gcc -c -g -O2  conftest.c >&5
configure:6753: $? = 0
configure:6753: result: yes
configure:6753: checking for string.h
configure:6753: gcc -c -g -O2  conftest.c >&5
configure:6753: $? = 0
configure:6753: result: yes
configure:6753: checking for memory.h
configure:6753: gcc -c -g -O2  conftest.c >&5
configure:6753: $? = 0
configure:6753: result: yes
configure:6753: checking for strings.h
configure:6753: gcc -c -g -O2  conftest.c >&5
configure:6753: $? = 0
configure:6753: result: yes
configure:6753: checking for inttypes.h
configure:6753: gcc -c -g -O2  conftest.c >&5
configure:6753: $? = 0
configure:6753: result: yes
configure:6753: checking for stdint.h
configure:6753: gcc -c -g -O2  conftest.c >&5
configure:6753: $? = 0
configure:6753: result: yes
configure:6753: checking for unistd.h
configure:6753: gcc -c -g -O2  conftest.c >&5
configure:6753: $? = 0
configure:6753: result: yes
configure:6768: checking for dlfcn.h
configure:6768: gcc -c -g -O2  conftest.c >&5
configure:6768: $? = 0
configure:6768: result: yes
configure:6952: checking for objdir
configure:6967: result: .libs
configure:7259: checking if gcc supports -fno-rtti -fno-exceptions
configure:7277: gcc -c -g -O2  -fno-rtti -fno-exceptions conftest.c >&5
cc1: warning: command line option "-fno-rtti" is valid for C++/ObjC++ but not for C
configure:7281: $? = 0
configure:7294: result: no
configure:7314: checking for gcc option to produce PIC
configure:7586: result: -fno-common -DPIC
configure:7598: checking if gcc PIC flag -fno-common -DPIC works
configure:7616: gcc -c -g -O2  -fno-common -DPIC -DPIC conftest.c >&5
configure:7620: $? = 0
configure:7633: result: yes
configure:7657: checking if gcc static flag -static works
configure:7685: result: no
configure:7700: checking if gcc supports -c -o file.o
configure:7721: gcc -c -g -O2  -o out/conftest2.o conftest.c >&5
configure:7725: $? = 0
configure:7747: result: yes
configure:7755: checking if gcc supports -c -o file.o
configure:7802: result: yes
configure:7835: checking whether the gcc linker (/usr/llvm-gcc-4.2/libexec/gcc/i686-apple-darwin10/4.2.1/ld) supports shared libraries
configure:8821: result: yes
configure:9060: checking dynamic linker characteristics
configure:9724: result: darwin10.8.0 dyld
configure:9826: checking how to hardcode library paths into programs
configure:9851: result: immediate
configure:10371: checking whether stripping libraries is possible
configure:10385: result: yes
configure:10411: checking if libtool supports shared libraries
configure:10413: result: yes
configure:10416: checking whether to build shared libraries
configure:10437: result: yes
configure:10440: checking whether to build static libraries
configure:10444: result: yes
configure:10479: checking for inline
configure:10495: gcc -c -g -O2  conftest.c >&5
configure:10495: $? = 0
configure:10503: result: inline
configure:10522: checking whether gcc and cc understand -c and -o together
configure:10553: gcc -c conftest.c -o conftest2.o >&5
configure:10557: $? = 0
configure:10563: gcc -c conftest.c -o conftest2.o >&5
configure:10567: $? = 0
configure:10578: cc -c conftest.c >&5
configure:10582: $? = 0
configure:10590: cc -c conftest.c -o conftest2.o >&5
configure:10594: $? = 0
configure:10600: cc -c conftest.c -o conftest2.o >&5
configure:10604: $? = 0
configure:10622: result: yes
configure:10651: checking operating system
configure:10717: result: Darwin/MacOS X
configure:10752: checking sys/timerfd.h usability
configure:10752: gcc -c -g -O2  conftest.c >&5
conftest.c:59:25: error: sys/timerfd.h: No such file or directory
configure:10752: $? = 1
configure: failed program was:
| /* confdefs.h */
| #define PACKAGE_NAME "libusb"
| #define PACKAGE_TARNAME "libusb"
| #define PACKAGE_VERSION "1.0.8"
| #define PACKAGE_STRING "libusb 1.0.8"
| #define PACKAGE_BUGREPORT ""
| #define PACKAGE_URL ""
| #define PACKAGE "libusb"
| #define VERSION "1.0.8"
| #define STDC_HEADERS 1
| #define HAVE_SYS_TYPES_H 1
| #define HAVE_SYS_STAT_H 1
| #define HAVE_STDLIB_H 1
| #define HAVE_STRING_H 1
| #define HAVE_MEMORY_H 1
| #define HAVE_STRINGS_H 1
| #define HAVE_INTTYPES_H 1
| #define HAVE_STDINT_H 1
| #define HAVE_UNISTD_H 1
| #define HAVE_DLFCN_H 1
| #define LT_OBJDIR ".libs/"
| #define _GNU_SOURCE /**/
| #define OS_DARWIN /**/
| #define USBI_OS_HANDLES_TIMEOUT /**/
| /* end confdefs.h.  */
| #include <stdio.h>
| #ifdef HAVE_SYS_TYPES_H
| # include <sys/types.h>
| #endif
| #ifdef HAVE_SYS_STAT_H
| # include <sys/stat.h>
| #endif
| #ifdef STDC_HEADERS
| # include <stdlib.h>
| # include <stddef.h>
| #else
| # ifdef HAVE_STDLIB_H
| #  include <stdlib.h>
| # endif
| #endif
| #ifdef HAVE_STRING_H
| # if !defined STDC_HEADERS && defined HAVE_MEMORY_H
| #  include <memory.h>
| # endif
| # include <string.h>
| #endif
| #ifdef HAVE_STRINGS_H
| # include <strings.h>
| #endif
| #ifdef HAVE_INTTYPES_H
| # include <inttypes.h>
| #endif
| #ifdef HAVE_STDINT_H
| # include <stdint.h>
| #endif
| #ifdef HAVE_UNISTD_H
| # include <unistd.h>
| #endif
| #include <sys/timerfd.h>
configure:10752: result: no
configure:10752: checking sys/timerfd.h presence
configure:10752: gcc -E  conftest.c
conftest.c:26:25: error: sys/timerfd.h: No such file or directory
configure:10752: $? = 1
configure: failed program was:
| /* confdefs.h */
| #define PACKAGE_NAME "libusb"
| #define PACKAGE_TARNAME "libusb"
| #define PACKAGE_VERSION "1.0.8"
| #define PACKAGE_STRING "libusb 1.0.8"
| #define PACKAGE_BUGREPORT ""
| #define PACKAGE_URL ""
| #define PACKAGE "libusb"
| #define VERSION "1.0.8"
| #define STDC_HEADERS 1
| #define HAVE_SYS_TYPES_H 1
| #define HAVE_SYS_STAT_H 1
| #define HAVE_STDLIB_H 1
| #define HAVE_STRING_H 1
| #define HAVE_MEMORY_H 1
| #define HAVE_STRINGS_H 1
| #define HAVE_INTTYPES_H 1
| #define HAVE_STDINT_H 1
| #define HAVE_UNISTD_H 1
| #define HAVE_DLFCN_H 1
| #define LT_OBJDIR ".libs/"
| #define _GNU_SOURCE /**/
| #define OS_DARWIN /**/
| #define USBI_OS_HANDLES_TIMEOUT /**/
| /* end confdefs.h.  */
| #include <sys/timerfd.h>
configure:10752: result: no
configure:10752: checking for sys/timerfd.h
configure:10752: result: no
configure:10772: checking whether TFD_NONBLOCK is declared
configure:10772: gcc -c -g -O2  conftest.c >&5
conftest.c:26:25: error: sys/timerfd.h: No such file or directory
conftest.c: In function 'main':
conftest.c:32: error: 'TFD_NONBLOCK' undeclared (first use in this function)
conftest.c:32: error: (Each undeclared identifier is reported only once
conftest.c:32: error: for each function it appears in.)
configure:10772: $? = 1
configure: failed program was:
| /* confdefs.h */
| #define PACKAGE_NAME "libusb"
| #define PACKAGE_TARNAME "libusb"
| #define PACKAGE_VERSION "1.0.8"
| #define PACKAGE_STRING "libusb 1.0.8"
| #define PACKAGE_BUGREPORT ""
| #define PACKAGE_URL ""
| #define PACKAGE "libusb"
| #define VERSION "1.0.8"
| #define STDC_HEADERS 1
| #define HAVE_SYS_TYPES_H 1
| #define HAVE_SYS_STAT_H 1
| #define HAVE_STDLIB_H 1
| #define HAVE_STRING_H 1
| #define HAVE_MEMORY_H 1
| #define HAVE_STRINGS_H 1
| #define HAVE_INTTYPES_H 1
| #define HAVE_STDINT_H 1
| #define HAVE_UNISTD_H 1
| #define HAVE_DLFCN_H 1
| #define LT_OBJDIR ".libs/"
| #define _GNU_SOURCE /**/
| #define OS_DARWIN /**/
| #define USBI_OS_HANDLES_TIMEOUT /**/
| /* end confdefs.h.  */
| #include <sys/timerfd.h>
| 
| int
| main ()
| {
| #ifndef TFD_NONBLOCK
|   (void) TFD_NONBLOCK;
| #endif
| 
|   ;
|   return 0;
| }
configure:10772: result: no
configure:10784: checking whether to use timerfd for timing
configure:10797: result: no (header not available)
configure:10860: gcc -c -g -O2 -fgnu89-inline  conftest.c >&5
configure:10860: $? = 0
configure:10882: gcc -c -g -O2 -fvisibility=hidden  conftest.c >&5
configure:10882: $? = 0
configure:10910: gcc -c -g -O2 -Wno-pointer-sign  conftest.c >&5
configure:10910: $? = 0
configure:11056: creating ./config.status

## ---------------------- ##
## Running config.status. ##
## ---------------------- ##

This file was extended by libusb config.status 1.0.8, which was
generated by GNU Autoconf 2.65.  Invocation command line was

  CONFIG_FILES    = 
  CONFIG_HEADERS  = 
  CONFIG_LINKS    = 
  CONFIG_COMMANDS = 
  $ ./config.status 

on cn00052.local

config.status:1085: creating libusb-1.0.pc
config.status:1085: creating Makefile
config.status:1085: creating libusb/Makefile
config.status:1085: creating examples/Makefile
config.status:1085: creating doc/Makefile
config.status:1085: creating doc/doxygen.cfg
config.status:1085: creating config.h
config.status:1257: config.h is unchanged
config.status:1305: executing depfiles commands
config.status:1305: executing libtool commands

## ---------------- ##
## Cache variables. ##
## ---------------- ##

ac_cv_build=i386-apple-darwin10.8.0
ac_cv_c_compiler_gnu=yes
ac_cv_c_inline=inline
ac_cv_env_CC_set=
ac_cv_env_CC_value=
ac_cv_env_CFLAGS_set=
ac_cv_env_CFLAGS_value=
ac_cv_env_CPPFLAGS_set=
ac_cv_env_CPPFLAGS_value=
ac_cv_env_CPP_set=
ac_cv_env_CPP_value=
ac_cv_env_LDFLAGS_set=
ac_cv_env_LDFLAGS_value=
ac_cv_env_LIBS_set=
ac_cv_env_LIBS_value=
ac_cv_env_build_alias_set=
ac_cv_env_build_alias_value=
ac_cv_env_host_alias_set=
ac_cv_env_host_alias_value=
ac_cv_env_target_alias_set=
ac_cv_env_target_alias_value=
ac_cv_have_decl_TFD_NONBLOCK=no
ac_cv_header_dlfcn_h=yes
ac_cv_header_inttypes_h=yes
ac_cv_header_memory_h=yes
ac_cv_header_stdc=yes
ac_cv_header_stdint_h=yes
ac_cv_header_stdlib_h=yes
ac_cv_header_string_h=yes
ac_cv_header_strings_h=yes
ac_cv_header_sys_stat_h=yes
ac_cv_header_sys_timerfd_h=no
ac_cv_header_sys_types_h=yes
ac_cv_header_unistd_h=yes
ac_cv_host=i386-apple-darwin10.8.0
ac_cv_objext=o
ac_cv_path_EGREP='/usr/bin/grep -E'
ac_cv_path_FGREP='/usr/bin/grep -F'
ac_cv_path_GREP=/usr/bin/grep
ac_cv_path_SED=/usr/bin/sed
ac_cv_path_install='/usr/bin/install -c'
ac_cv_prog_AWK=awk
ac_cv_prog_CPP='gcc -E'
ac_cv_prog_ac_ct_AR=ar
ac_cv_prog_ac_ct_CC=gcc
ac_cv_prog_ac_ct_DSYMUTIL=dsymutil
ac_cv_prog_ac_ct_LIPO=lipo
ac_cv_prog_ac_ct_NMEDIT=nmedit
ac_cv_prog_ac_ct_OTOOL=otool
ac_cv_prog_ac_ct_RANLIB=ranlib
ac_cv_prog_ac_ct_STRIP=strip
ac_cv_prog_cc_c89=
ac_cv_prog_cc_g=yes
ac_cv_prog_cc_gcc_c_o=yes
ac_cv_prog_make_make_set=yes
am_cv_CC_dependencies_compiler_type=gcc3
lt_cv_apple_cc_single_mod=yes
lt_cv_deplibs_check_method=pass_all
lt_cv_file_magic_cmd='$MAGIC_CMD'
lt_cv_file_magic_test_file=
lt_cv_ld_exported_symbols_list=yes
lt_cv_ld_reload_flag=-r
lt_cv_nm_interface='BSD nm'
lt_cv_objdir=.libs
lt_cv_path_LD=/usr/llvm-gcc-4.2/libexec/gcc/i686-apple-darwin10/4.2.1/ld
lt_cv_path_NM=/usr/bin/nm
lt_cv_prog_compiler_c_o=yes
lt_cv_prog_compiler_pic_works=yes
lt_cv_prog_compiler_rtti_exceptions=no
lt_cv_prog_compiler_static_works=no
lt_cv_prog_gnu_ld=no
lt_cv_sys_global_symbol_pipe='sed -n -e '\''s/^.*[	 ]\([BCDEGRST][BCDEGRST]*\)[	 ][	 ]*_\([_A-Za-z][_A-Za-z0-9]*\)$/\1 _\2 \2/p'\'''
lt_cv_sys_global_symbol_to_c_name_address='sed -n -e '\''s/^: \([^ ]*\) $/  {\"\1\", (void *) 0},/p'\'' -e '\''s/^[BCDEGRST]* \([^ ]*\) \([^ ]*\)$/  {"\2", (void *) \&\2},/p'\'''
lt_cv_sys_global_symbol_to_c_name_address_lib_prefix='sed -n -e '\''s/^: \([^ ]*\) $/  {\"\1\", (void *) 0},/p'\'' -e '\''s/^[BCDEGRST]* \([^ ]*\) \(lib[^ ]*\)$/  {"\2", (void *) \&\2},/p'\'' -e '\''s/^[BCDEGRST]* \([^ ]*\) \([^ ]*\)$/  {"lib\2", (void *) \&\2},/p'\'''
lt_cv_sys_global_symbol_to_cdecl='sed -n -e '\''s/^T .* \(.*\)$/extern int \1();/p'\'' -e '\''s/^[BCDEGRST]* .* \(.*\)$/extern char \1;/p'\'''
lt_cv_sys_max_cmd_len=196608

## ----------------- ##
## Output variables. ##
## ----------------- ##

ACLOCAL='${SHELL} /Users/AVLoans/Desktop/dfu_programmer_install/libusb-1.0.8/missing --run aclocal-1.11'
AMDEPBACKSLASH='\'
AMDEP_FALSE='#'
AMDEP_TRUE=''
AMTAR='${SHELL} /Users/AVLoans/Desktop/dfu_programmer_install/libusb-1.0.8/missing --run tar'
AM_BACKSLASH='\'
AM_CFLAGS='-std=gnu99 -fgnu89-inline -Wall -Wundef -Wunused -Wstrict-prototypes -Werror-implicit-function-declaration -Wno-pointer-sign -Wshadow'
AM_DEFAULT_VERBOSITY='0'
AM_LDFLAGS='-Wl,-framework -Wl,IOKit -Wl,-framework -Wl,CoreFoundation -Wl,-prebind -no-undefined'
AR='ar'
AUTOCONF='${SHELL} /Users/AVLoans/Desktop/dfu_programmer_install/libusb-1.0.8/missing --run autoconf'
AUTOHEADER='${SHELL} /Users/AVLoans/Desktop/dfu_programmer_install/libusb-1.0.8/missing --run autoheader'
AUTOMAKE='${SHELL} /Users/AVLoans/Desktop/dfu_programmer_install/libusb-1.0.8/missing --run automake-1.11'
AWK='awk'
BUILD_EXAMPLES_FALSE=''
BUILD_EXAMPLES_TRUE='#'
CC='gcc'
CCDEPMODE='depmode=gcc3'
CFLAGS='-g -O2'
CPP='gcc -E'
CPPFLAGS=''
CYGPATH_W='echo'
DEFS='-DHAVE_CONFIG_H'
DEPDIR='.deps'
DSYMUTIL='dsymutil'
DUMPBIN=''
ECHO_C='\c'
ECHO_N=''
ECHO_T=''
EGREP='/usr/bin/grep -E'
EXEEXT=''
FGREP='/usr/bin/grep -F'
GREP='/usr/bin/grep'
INSTALL_DATA='${INSTALL} -m 644'
INSTALL_PROGRAM='${INSTALL}'
INSTALL_SCRIPT='${INSTALL}'
INSTALL_STRIP_PROGRAM='$(install_sh) -c -s'
LD='/usr/llvm-gcc-4.2/libexec/gcc/i686-apple-darwin10/4.2.1/ld'
LDFLAGS=''
LIBOBJS=''
LIBS=''
LIBTOOL='$(SHELL) $(top_builddir)/libtool'
LIPO='lipo'
LN_S='ln -s'
LTLIBOBJS=''
MAKEINFO='${SHELL} /Users/AVLoans/Desktop/dfu_programmer_install/libusb-1.0.8/missing --run makeinfo'
MKDIR_P='./install-sh -c -d'
NM='/usr/bin/nm'
NMEDIT='nmedit'
OBJDUMP='false'
OBJEXT='o'
OS_DARWIN=''
OS_DARWIN_FALSE='#'
OS_DARWIN_TRUE=''
OS_LINUX=''
OS_LINUX_FALSE=''
OS_LINUX_TRUE='#'
OTOOL64=':'
OTOOL='otool'
PACKAGE='libusb'
PACKAGE_BUGREPORT=''
PACKAGE_NAME='libusb'
PACKAGE_STRING='libusb 1.0.8'
PACKAGE_TARNAME='libusb'
PACKAGE_URL=''
PACKAGE_VERSION='1.0.8'
PATH_SEPARATOR=':'
RANLIB='ranlib'
SED='/usr/bin/sed'
SET_MAKE=''
SHELL='/bin/sh'
STRIP='strip'
VERSION='1.0.8'
VISIBILITY_CFLAGS='-fvisibility=hidden'
ac_ct_CC='gcc'
ac_ct_DUMPBIN=''
am__EXEEXT_FALSE=''
am__EXEEXT_TRUE='#'
am__fastdepCC_FALSE='#'
am__fastdepCC_TRUE=''
am__include='include'
am__isrc=''
am__leading_dot='.'
am__quote=''
am__tar='${AMTAR} chof - "$$tardir"'
am__untar='${AMTAR} xf -'
bindir='${exec_prefix}/bin'
build='i386-apple-darwin10.8.0'
build_alias=''
build_cpu='i386'
build_os='darwin10.8.0'
build_vendor='apple'
datadir='${datarootdir}'
datarootdir='${prefix}/share'
docdir='${datarootdir}/doc/${PACKAGE_TARNAME}'
dvidir='${docdir}'
exec_prefix='${prefix}'
host='i386-apple-darwin10.8.0'
host_alias=''
host_cpu='i386'
host_os='darwin10.8.0'
host_vendor='apple'
htmldir='${docdir}'
includedir='${prefix}/include'
infodir='${datarootdir}/info'
install_sh='${SHELL} /Users/AVLoans/Desktop/dfu_programmer_install/libusb-1.0.8/install-sh'
libdir='${exec_prefix}/lib'
libexecdir='${exec_prefix}/libexec'
localedir='${datarootdir}/locale'
localstatedir='${prefix}/var'
lt_ECHO='/bin/echo'
lt_age='0'
lt_major='0'
lt_revision='0'
mandir='${datarootdir}/man'
mkdir_p='$(top_builddir)/./install-sh -c -d'
oldincludedir='/usr/include'
pdfdir='${docdir}'
prefix='/usr/local'
program_transform_name='s,x,x,'
psdir='${docdir}'
sbindir='${exec_prefix}/sbin'
sharedstatedir='${prefix}/com'
sysconfdir='${prefix}/etc'
target_alias=''

## ----------- ##
## confdefs.h. ##
## ----------- ##

/* confdefs.h */
#define PACKAGE_NAME "libusb"
#define PACKAGE_TARNAME "libusb"
#define PACKAGE_VERSION "1.0.8"
#define PACKAGE_STRING "libusb 1.0.8"
#define PACKAGE_BUGREPORT ""
#define PACKAGE_URL ""
#define PACKAGE "libusb"
#define VERSION "1.0.8"
#define STDC_HEADERS 1
#define HAVE_SYS_TYPES_H 1
#define HAVE_SYS_STAT_H 1
#define HAVE_STDLIB_H 1
#define HAVE_STRING_H 1
#define HAVE_MEMORY_H 1
#define HAVE_STRINGS_H 1
#define HAVE_INTTYPES_H 1
#define HAVE_STDINT_H 1
#define HAVE_UNISTD_H 1
#define HAVE_DLFCN_H 1
#define LT_OBJDIR ".libs/"
#define _GNU_SOURCE /**/
#define OS_DARWIN /**/
#define USBI_OS_HANDLES_TIMEOUT /**/
#define ENABLE_LOGGING 1
#define API_EXPORTED __attribute__((visibility("default")))

configure: exit 0
