This file contains any messages produced by compilers while
running configure, to aid debugging if configure makes a mistake.

It was created by libusb-compat configure 0.1.3, which was
generated by GNU Autoconf 2.63.  Invocation command line was

  $ ./configure LIBUSB_1_0_CFLAGS=-I/usr/local/include/libusb-1.0 LIBUSB_1_0_LIBS=-L/usr/local/lib -lusb-1.0

## --------- ##
## Platform. ##
## --------- ##

hostname = cn00052.local
uname -m = i386
uname -r = 10.8.0
uname -s = Darwin
uname -v = Darwin Kernel Version 10.8.0: Tue Jun  7 16:33:36 PDT 2011; root:xnu-1504.15.3~1/RELEASE_I386

/usr/bin/uname -p = i386
/bin/uname -X     = unknown

/bin/arch              = unknown
/usr/bin/arch -k       = unknown
/usr/convex/getsysinfo = unknown
/usr/bin/hostinfo      = Mach kernel version:
	 Darwin Kernel Version 10.8.0: Tue Jun  7 16:33:36 PDT 2011; root:xnu-1504.15.3~1/RELEASE_I386
Kernel configured for up to 2 processors.
2 processors are physically available.
2 processors are logically available.
Processor type: i486 (Intel 80486)
Processors active: 0 1
Primary memory available: 4.00 gigabytes
Default processor set: 80 tasks, 404 threads, 2 processors
Load average: 1.28, Mach factor: 0.79
/bin/machine           = unknown
/usr/bin/oslevel       = unknown
/bin/universe          = unknown

PATH: /usr/bin
PATH: /bin
PATH: /usr/sbin
PATH: /sbin
PATH: /usr/local/bin
PATH: /usr/X11/bin


## ----------- ##
## Core tests. ##
## ----------- ##

configure:2086: checking for a BSD-compatible install
configure:2154: result: /usr/bin/install -c
configure:2165: checking whether build environment is sane
configure:2208: result: yes
configure:2233: checking for a thread-safe mkdir -p
configure:2272: result: ./install-sh -c -d
configure:2285: checking for gawk
configure:2315: result: no
configure:2285: checking for mawk
configure:2315: result: no
configure:2285: checking for nawk
configure:2315: result: no
configure:2285: checking for awk
configure:2301: found /usr/bin/awk
configure:2312: result: awk
configure:2323: checking whether make sets $(MAKE)
configure:2345: result: yes
configure:2583: checking for gcc
configure:2599: found /usr/bin/gcc
configure:2610: result: gcc
configure:2842: checking for C compiler version
configure:2850: gcc --version >&5
i686-apple-darwin10-llvm-gcc-4.2 (GCC) 4.2.1 (Based on Apple Inc. build 5658) (LLVM build 2336.1.00)
Copyright (C) 2007 Free Software Foundation, Inc.
This is free software; see the source for copying conditions.  There is NO
warranty; not even for MERCHANTABILITY or FITNESS FOR A PARTICULAR PURPOSE.

configure:2854: $? = 0
configure:2861: gcc -v >&5
Using built-in specs.
Target: i686-apple-darwin10
Configured with: /private/var/tmp/llvmgcc42/llvmgcc42-2336.1~3/src/configure --disable-checking --enable-werror --prefix=/Developer/usr/llvm-gcc-4.2 --mandir=/share/man --enable-languages=c,objc,c++,obj-c++ --program-prefix=llvm- --program-transform-name=/^[cg][^.-]*$/s/$/-4.2/ --with-slibdir=/usr/lib --build=i686-apple-darwin10 --enable-llvm=/private/var/tmp/llvmgcc42/llvmgcc42-2336.1~3/dst-llvmCore/Developer/usr/local --program-prefix=i686-apple-darwin10- --host=x86_64-apple-darwin10 --target=i686-apple-darwin10 --with-gxx-include-dir=/usr/include/c++/4.2.1
Thread model: posix
gcc version 4.2.1 (Based on Apple Inc. build 5658) (LLVM build 2336.1.00)
configure:2865: $? = 0
configure:2872: gcc -V >&5
llvm-gcc-4.2: argument to `-V' is missing
configure:2876: $? = 1
configure:2899: checking for C compiler default output file name
configure:2921: gcc    conftest.c  >&5
configure:2925: $? = 0
configure:2963: result: a.out
configure:2982: checking whether the C compiler works
configure:2992: ./a.out
configure:2996: $? = 0
configure:3015: result: yes
configure:3022: checking whether we are cross compiling
configure:3024: result: no
configure:3027: checking for suffix of executables
configure:3034: gcc -o conftest    conftest.c  >&5
configure:3038: $? = 0
configure:3064: result: 
configure:3070: checking for suffix of object files
configure:3096: gcc -c   conftest.c >&5
configure:3100: $? = 0
configure:3125: result: o
configure:3129: checking whether we are using the GNU C compiler
configure:3158: gcc -c   conftest.c >&5
configure:3165: $? = 0
configure:3182: result: yes
configure:3191: checking whether gcc accepts -g
configure:3221: gcc -c -g  conftest.c >&5
configure:3228: $? = 0
configure:3329: result: yes
configure:3346: checking for gcc option to accept ISO C89
configure:3420: gcc  -c -g -O2  conftest.c >&5
configure:3427: $? = 0
configure:3450: result: none needed
configure:3479: checking for style of include used by make
configure:3507: result: GNU
configure:3532: checking dependency style of gcc
configure:3623: result: gcc3
configure:3669: checking build system type
configure:3687: result: i386-apple-darwin10.8.0
configure:3709: checking host system type
configure:3724: result: i386-apple-darwin10.8.0
configure:3746: checking for a sed that does not truncate output
configure:3812: result: /usr/bin/sed
configure:3830: checking for grep that handles long lines and -e
configure:3890: result: /usr/bin/grep
configure:3895: checking for egrep
configure:3959: result: /usr/bin/grep -E
configure:3964: checking for fgrep
configure:4028: result: /usr/bin/grep -F
configure:4063: checking for ld used by gcc
configure:4130: result: /usr/llvm-gcc-4.2/libexec/gcc/i686-apple-darwin10/4.2.1/ld
configure:4139: checking if the linker (/usr/llvm-gcc-4.2/libexec/gcc/i686-apple-darwin10/4.2.1/ld) is GNU ld
configure:4154: result: no
configure:4166: checking for BSD- or MS-compatible name lister (nm)
configure:4215: result: /usr/bin/nm
configure:4333: checking the name lister (/usr/bin/nm) interface
configure:4340: gcc -c -g -O2  conftest.c >&5
configure:4343: /usr/bin/nm "conftest.o"
configure:4346: output
00000000000001d0 S _some_variable
configure:4353: result: BSD nm
configure:4356: checking whether ln -s works
configure:4360: result: yes
configure:4368: checking the maximum length of command line arguments
configure:4488: result: 196608
configure:4505: checking whether the shell understands some XSI constructs
configure:4515: result: yes
configure:4519: checking whether the shell understands "+="
configure:4525: result: yes
configure:4560: checking for /usr/llvm-gcc-4.2/libexec/gcc/i686-apple-darwin10/4.2.1/ld option to reload object files
configure:4567: result: -r
configure:4636: checking for objdump
configure:4666: result: no
configure:4695: checking how to recognize dependent libraries
configure:4891: result: pass_all
configure:4951: checking for ar
configure:4967: found /usr/bin/ar
configure:4978: result: ar
configure:5056: checking for strip
configure:5072: found /usr/bin/strip
configure:5083: result: strip
configure:5155: checking for ranlib
configure:5171: found /usr/bin/ranlib
configure:5182: result: ranlib
configure:5272: checking command to parse /usr/bin/nm output from gcc object
configure:5390: gcc -c -g -O2  conftest.c >&5
configure:5393: $? = 0
configure:5397: /usr/bin/nm conftest.o \| sed -n -e 's/^.*[	 ]\([BCDEGRST][BCDEGRST]*\)[	 ][	 ]*\([_A-Za-z][_A-Za-z0-9]*\)$/\1 \2 \2/p' \> conftest.nm
configure:5400: $? = 0
cannot find nm_test_var in conftest.nm
configure:5390: gcc -c -g -O2  conftest.c >&5
configure:5393: $? = 0
configure:5397: /usr/bin/nm conftest.o \| sed -n -e 's/^.*[	 ]\([BCDEGRST][BCDEGRST]*\)[	 ][	 ]*_\([_A-Za-z][_A-Za-z0-9]*\)$/\1 _\2 \2/p' \> conftest.nm
configure:5400: $? = 0
configure:5454: gcc -o conftest -g -O2   conftest.c conftstm.o >&5
configure:5457: $? = 0
configure:5495: result: ok
configure:5789: checking for dsymutil
configure:5805: found /usr/bin/dsymutil
configure:5816: result: dsymutil
configure:5881: checking for nmedit
configure:5897: found /usr/bin/nmedit
configure:5908: result: nmedit
configure:5973: checking for lipo
configure:5989: found /usr/bin/lipo
configure:6000: result: lipo
configure:6065: checking for otool
configure:6081: found /usr/bin/otool
configure:6092: result: otool
configure:6157: checking for otool64
configure:6187: result: no
configure:6232: checking for -single_module linker flag
gcc -g -O2  -o libconftest.dylib -dynamiclib -Wl,-single_module conftest.c
configure:6259: result: yes
configure:6261: checking for -exported_symbols_list linker flag
configure:6291: gcc -o conftest -g -O2   -Wl,-exported_symbols_list,conftest.sym conftest.c  >&5
configure:6298: $? = 0
configure:6320: result: yes
configure:6362: checking how to run the C preprocessor
configure:6402: gcc -E  conftest.c
configure:6409: $? = 0
configure:6440: gcc -E  conftest.c
conftest.c:10:28: error: ac_nonexistent.h: No such file or directory
configure:6447: $? = 1
configure: failed program was:
| /* confdefs.h.  */
| #define PACKAGE_NAME "libusb-compat"
| #define PACKAGE_TARNAME "libusb-compat"
| #define PACKAGE_VERSION "0.1.3"
| #define PACKAGE_STRING "libusb-compat 0.1.3"
| #define PACKAGE_BUGREPORT ""
| #define PACKAGE "libusb-compat"
| #define VERSION "0.1.3"
| /* end confdefs.h.  */
| #include <ac_nonexistent.h>
configure:6480: result: gcc -E
configure:6509: gcc -E  conftest.c
configure:6516: $? = 0
configure:6547: gcc -E  conftest.c
conftest.c:10:28: error: ac_nonexistent.h: No such file or directory
configure:6554: $? = 1
configure: failed program was:
| /* confdefs.h.  */
| #define PACKAGE_NAME "libusb-compat"
| #define PACKAGE_TARNAME "libusb-compat"
| #define PACKAGE_VERSION "0.1.3"
| #define PACKAGE_STRING "libusb-compat 0.1.3"
| #define PACKAGE_BUGREPORT ""
| #define PACKAGE "libusb-compat"
| #define VERSION "0.1.3"
| /* end confdefs.h.  */
| #include <ac_nonexistent.h>
configure:6594: checking for ANSI C header files
configure:6624: gcc -c -g -O2  conftest.c >&5
configure:6631: $? = 0
configure:6730: gcc -o conftest -g -O2   conftest.c  >&5
configure:6734: $? = 0
configure:6740: ./conftest
configure:6744: $? = 0
configure:6762: result: yes
configure:6786: checking for sys/types.h
configure:6807: gcc -c -g -O2  conftest.c >&5
configure:6814: $? = 0
configure:6831: result: yes
configure:6786: checking for sys/stat.h
configure:6807: gcc -c -g -O2  conftest.c >&5
configure:6814: $? = 0
configure:6831: result: yes
configure:6786: checking for stdlib.h
configure:6807: gcc -c -g -O2  conftest.c >&5
configure:6814: $? = 0
configure:6831: result: yes
configure:6786: checking for string.h
configure:6807: gcc -c -g -O2  conftest.c >&5
configure:6814: $? = 0
configure:6831: result: yes
configure:6786: checking for memory.h
configure:6807: gcc -c -g -O2  conftest.c >&5
configure:6814: $? = 0
configure:6831: result: yes
configure:6786: checking for strings.h
configure:6807: gcc -c -g -O2  conftest.c >&5
configure:6814: $? = 0
configure:6831: result: yes
configure:6786: checking for inttypes.h
configure:6807: gcc -c -g -O2  conftest.c >&5
configure:6814: $? = 0
configure:6831: result: yes
configure:6786: checking for stdint.h
configure:6807: gcc -c -g -O2  conftest.c >&5
configure:6814: $? = 0
configure:6831: result: yes
configure:6786: checking for unistd.h
configure:6807: gcc -c -g -O2  conftest.c >&5
configure:6814: $? = 0
configure:6831: result: yes
configure:6849: checking for dlfcn.h
configure:6870: gcc -c -g -O2  conftest.c >&5
configure:6877: $? = 0
configure:6894: result: yes
configure:7080: checking for objdir
configure:7095: result: .libs
configure:7391: checking if gcc supports -fno-rtti -fno-exceptions
configure:7409: gcc -c -g -O2  -fno-rtti -fno-exceptions conftest.c >&5
cc1: warning: command line option "-fno-rtti" is valid for C++/ObjC++ but not for C
configure:7413: $? = 0
configure:7426: result: no
configure:7446: checking for gcc option to produce PIC
configure:7718: result: -fno-common -DPIC
configure:7730: checking if gcc PIC flag -fno-common -DPIC works
configure:7748: gcc -c -g -O2  -fno-common -DPIC -DPIC conftest.c >&5
configure:7752: $? = 0
configure:7765: result: yes
configure:7789: checking if gcc static flag -static works
configure:7817: result: no
configure:7832: checking if gcc supports -c -o file.o
configure:7853: gcc -c -g -O2  -o out/conftest2.o conftest.c >&5
configure:7857: $? = 0
configure:7879: result: yes
configure:7887: checking if gcc supports -c -o file.o
configure:7934: result: yes
configure:7967: checking whether the gcc linker (/usr/llvm-gcc-4.2/libexec/gcc/i686-apple-darwin10/4.2.1/ld) supports shared libraries
configure:9041: result: yes
configure:9280: checking dynamic linker characteristics
configure:9976: result: darwin10.8.0 dyld
configure:10078: checking how to hardcode library paths into programs
configure:10103: result: immediate
configure:10936: checking whether stripping libraries is possible
configure:10950: result: yes
configure:10976: checking if libtool supports shared libraries
configure:10978: result: yes
configure:10981: checking whether to build shared libraries
configure:11002: result: yes
configure:11005: checking whether to build static libraries
configure:11009: result: yes
configure:11044: checking for inline
configure:11070: gcc -c -g -O2  conftest.c >&5
configure:11077: $? = 0
configure:11095: result: inline
configure:11115: checking whether gcc and cc understand -c and -o together
configure:11150: gcc -c conftest.c -o conftest2.o >&5
configure:11154: $? = 0
configure:11160: gcc -c conftest.c -o conftest2.o >&5
configure:11164: $? = 0
configure:11175: cc -c conftest.c >&5
configure:11179: $? = 0
configure:11187: cc -c conftest.c -o conftest2.o >&5
configure:11191: $? = 0
configure:11197: cc -c conftest.c -o conftest2.o >&5
configure:11201: $? = 0
configure:11219: result: yes
configure:11308: checking for pkg-config
configure:11341: result: no
configure:11377: checking for LIBUSB_1_0
configure:11480: result: yes
configure:11559: gcc -c -g -O2 -fgnu89-inline  conftest.c >&5
configure:11566: $? = 0
configure:11718: creating ./config.status

## ---------------------- ##
## Running config.status. ##
## ---------------------- ##

This file was extended by libusb-compat config.status 0.1.3, which was
generated by GNU Autoconf 2.63.  Invocation command line was

  CONFIG_FILES    = 
  CONFIG_HEADERS  = 
  CONFIG_LINKS    = 
  CONFIG_COMMANDS = 
  $ ./config.status 

on cn00052.local

config.status:996: creating libusb.pc
config.status:996: creating libusb-config
config.status:996: creating Makefile
config.status:996: creating libusb/Makefile
config.status:996: creating examples/Makefile
config.status:996: creating config.h
config.status:1218: config.h is unchanged
config.status:1270: executing depfiles commands
config.status:1270: executing libtool commands
config.status:1270: executing default commands

## ---------------- ##
## Cache variables. ##
## ---------------- ##

ac_cv_build=i386-apple-darwin10.8.0
ac_cv_c_compiler_gnu=yes
ac_cv_c_inline=inline
ac_cv_env_CC_set=
ac_cv_env_CC_value=
ac_cv_env_CFLAGS_set=
ac_cv_env_CFLAGS_value=
ac_cv_env_CPPFLAGS_set=
ac_cv_env_CPPFLAGS_value=
ac_cv_env_CPP_set=
ac_cv_env_CPP_value=
ac_cv_env_LDFLAGS_set=
ac_cv_env_LDFLAGS_value=
ac_cv_env_LIBS_set=
ac_cv_env_LIBS_value=
ac_cv_env_LIBUSB_1_0_CFLAGS_set=set
ac_cv_env_LIBUSB_1_0_CFLAGS_value=-I/usr/local/include/libusb-1.0
ac_cv_env_LIBUSB_1_0_LIBS_set=set
ac_cv_env_LIBUSB_1_0_LIBS_value='-L/usr/local/lib -lusb-1.0'
ac_cv_env_PKG_CONFIG_set=
ac_cv_env_PKG_CONFIG_value=
ac_cv_env_build_alias_set=
ac_cv_env_build_alias_value=
ac_cv_env_host_alias_set=
ac_cv_env_host_alias_value=
ac_cv_env_target_alias_set=
ac_cv_env_target_alias_value=
ac_cv_header_dlfcn_h=yes
ac_cv_header_inttypes_h=yes
ac_cv_header_memory_h=yes
ac_cv_header_stdc=yes
ac_cv_header_stdint_h=yes
ac_cv_header_stdlib_h=yes
ac_cv_header_string_h=yes
ac_cv_header_strings_h=yes
ac_cv_header_sys_stat_h=yes
ac_cv_header_sys_types_h=yes
ac_cv_header_unistd_h=yes
ac_cv_host=i386-apple-darwin10.8.0
ac_cv_objext=o
ac_cv_path_EGREP='/usr/bin/grep -E'
ac_cv_path_FGREP='/usr/bin/grep -F'
ac_cv_path_GREP=/usr/bin/grep
ac_cv_path_SED=/usr/bin/sed
ac_cv_path_install='/usr/bin/install -c'
ac_cv_prog_AWK=awk
ac_cv_prog_CPP='gcc -E'
ac_cv_prog_ac_ct_AR=ar
ac_cv_prog_ac_ct_CC=gcc
ac_cv_prog_ac_ct_DSYMUTIL=dsymutil
ac_cv_prog_ac_ct_LIPO=lipo
ac_cv_prog_ac_ct_NMEDIT=nmedit
ac_cv_prog_ac_ct_OTOOL=otool
ac_cv_prog_ac_ct_RANLIB=ranlib
ac_cv_prog_ac_ct_STRIP=strip
ac_cv_prog_cc_c89=
ac_cv_prog_cc_g=yes
ac_cv_prog_cc_gcc_c_o=yes
ac_cv_prog_make_make_set=yes
am_cv_CC_dependencies_compiler_type=gcc3
lt_cv_apple_cc_single_mod=yes
lt_cv_deplibs_check_method=pass_all
lt_cv_file_magic_cmd='$MAGIC_CMD'
lt_cv_file_magic_test_file=
lt_cv_ld_exported_symbols_list=yes
lt_cv_ld_reload_flag=-r
lt_cv_nm_interface='BSD nm'
lt_cv_objdir=.libs
lt_cv_path_LD=/usr/llvm-gcc-4.2/libexec/gcc/i686-apple-darwin10/4.2.1/ld
lt_cv_path_NM=/usr/bin/nm
lt_cv_prog_compiler_c_o=yes
lt_cv_prog_compiler_pic_works=yes
lt_cv_prog_compiler_rtti_exceptions=no
lt_cv_prog_compiler_static_works=no
lt_cv_prog_gnu_ld=no
lt_cv_sys_global_symbol_pipe='sed -n -e '\''s/^.*[	 ]\([BCDEGRST][BCDEGRST]*\)[	 ][	 ]*_\([_A-Za-z][_A-Za-z0-9]*\)$/\1 _\2 \2/p'\'''
lt_cv_sys_global_symbol_to_c_name_address='sed -n -e '\''s/^: \([^ ]*\) $/  {\"\1\", (void *) 0},/p'\'' -e '\''s/^[BCDEGRST]* \([^ ]*\) \([^ ]*\)$/  {"\2", (void *) \&\2},/p'\'''
lt_cv_sys_global_symbol_to_c_name_address_lib_prefix='sed -n -e '\''s/^: \([^ ]*\) $/  {\"\1\", (void *) 0},/p'\'' -e '\''s/^[BCDEGRST]* \([^ ]*\) \(lib[^ ]*\)$/  {"\2", (void *) \&\2},/p'\'' -e '\''s/^[BCDEGRST]* \([^ ]*\) \([^ ]*\)$/  {"lib\2", (void *) \&\2},/p'\'''
lt_cv_sys_global_symbol_to_cdecl='sed -n -e '\''s/^T .* \(.*\)$/extern int \1();/p'\'' -e '\''s/^[BCDEGRST]* .* \(.*\)$/extern char \1;/p'\'''
lt_cv_sys_max_cmd_len=196608
pkg_cv_LIBUSB_1_0_CFLAGS=-I/usr/local/include/libusb-1.0
pkg_cv_LIBUSB_1_0_LIBS='-L/usr/local/lib -lusb-1.0'

## ----------------- ##
## Output variables. ##
## ----------------- ##

ACLOCAL='${SHELL} /Users/AVLoans/Desktop/dfu_programmer_install/libusb-compat-0.1.3/missing --run aclocal-1.10'
AMDEPBACKSLASH='\'
AMDEP_FALSE='#'
AMDEP_TRUE=''
AMTAR='${SHELL} /Users/AVLoans/Desktop/dfu_programmer_install/libusb-compat-0.1.3/missing --run tar'
AM_CFLAGS='-std=gnu99 -fgnu89-inline -Wall -Wundef -Wunused -Wstrict-prototypes -Werror-implicit-function-declaration -Wno-pointer-sign -Wshadow'
AR='ar'
AUTOCONF='${SHELL} /Users/AVLoans/Desktop/dfu_programmer_install/libusb-compat-0.1.3/missing --run autoconf'
AUTOHEADER='${SHELL} /Users/AVLoans/Desktop/dfu_programmer_install/libusb-compat-0.1.3/missing --run autoheader'
AUTOMAKE='${SHELL} /Users/AVLoans/Desktop/dfu_programmer_install/libusb-compat-0.1.3/missing --run automake-1.10'
AWK='awk'
BUILD_EXAMPLES_FALSE=''
BUILD_EXAMPLES_TRUE='#'
CC='gcc'
CCDEPMODE='depmode=gcc3'
CFLAGS='-g -O2'
CPP='gcc -E'
CPPFLAGS=''
CYGPATH_W='echo'
DEFS='-DHAVE_CONFIG_H'
DEPDIR='.deps'
DSYMUTIL='dsymutil'
DUMPBIN=''
ECHO_C='\c'
ECHO_N=''
ECHO_T=''
EGREP='/usr/bin/grep -E'
EXEEXT=''
FGREP='/usr/bin/grep -F'
GREP='/usr/bin/grep'
INSTALL_DATA='${INSTALL} -m 644'
INSTALL_PROGRAM='${INSTALL}'
INSTALL_SCRIPT='${INSTALL}'
INSTALL_STRIP_PROGRAM='$(install_sh) -c -s'
LD='/usr/llvm-gcc-4.2/libexec/gcc/i686-apple-darwin10/4.2.1/ld'
LDFLAGS=''
LIBOBJS=''
LIBS=''
LIBTOOL='$(SHELL) $(top_builddir)/libtool'
LIBUSB01_VERSION='0.1.12'
LIBUSB_1_0_CFLAGS='-I/usr/local/include/libusb-1.0'
LIBUSB_1_0_LIBS='-L/usr/local/lib -lusb-1.0'
LIPO='lipo'
LN_S='ln -s'
LTLIBOBJS=''
LT_AGE='4'
LT_MAJOR='8'
LT_REVISION='4'
MAKEINFO='${SHELL} /Users/AVLoans/Desktop/dfu_programmer_install/libusb-compat-0.1.3/missing --run makeinfo'
MKDIR_P='./install-sh -c -d'
NM='/usr/bin/nm'
NMEDIT='nmedit'
OBJDUMP='false'
OBJEXT='o'
OTOOL64=':'
OTOOL='otool'
PACKAGE='libusb-compat'
PACKAGE_BUGREPORT=''
PACKAGE_NAME='libusb-compat'
PACKAGE_STRING='libusb-compat 0.1.3'
PACKAGE_TARNAME='libusb-compat'
PACKAGE_VERSION='0.1.3'
PATH_SEPARATOR=':'
PKG_CONFIG=''
RANLIB='ranlib'
SED='/usr/bin/sed'
SET_MAKE=''
SHELL='/bin/sh'
STRIP='strip'
VERSION='0.1.3'
ac_ct_CC='gcc'
ac_ct_DUMPBIN=''
am__fastdepCC_FALSE='#'
am__fastdepCC_TRUE=''
am__include='include'
am__isrc=''
am__leading_dot='.'
am__quote=''
am__tar='${AMTAR} chof - "$$tardir"'
am__untar='${AMTAR} xf -'
bindir='${exec_prefix}/bin'
build='i386-apple-darwin10.8.0'
build_alias=''
build_cpu='i386'
build_os='darwin10.8.0'
build_vendor='apple'
datadir='${datarootdir}'
datarootdir='${prefix}/share'
docdir='${datarootdir}/doc/${PACKAGE_TARNAME}'
dvidir='${docdir}'
exec_prefix='${prefix}'
host='i386-apple-darwin10.8.0'
host_alias=''
host_cpu='i386'
host_os='darwin10.8.0'
host_vendor='apple'
htmldir='${docdir}'
includedir='${prefix}/include'
infodir='${datarootdir}/info'
install_sh='$(SHELL) /Users/AVLoans/Desktop/dfu_programmer_install/libusb-compat-0.1.3/install-sh'
libdir='${exec_prefix}/lib'
libexecdir='${exec_prefix}/libexec'
localedir='${datarootdir}/locale'
localstatedir='${prefix}/var'
lt_ECHO='/bin/echo'
mandir='${datarootdir}/man'
mkdir_p='$(top_builddir)/./install-sh -c -d'
oldincludedir='/usr/include'
pdfdir='${docdir}'
prefix='/usr/local'
program_transform_name='s,x,x,'
psdir='${docdir}'
sbindir='${exec_prefix}/sbin'
sharedstatedir='${prefix}/com'
sysconfdir='${prefix}/etc'
target_alias=''

## ----------- ##
## confdefs.h. ##
## ----------- ##

#define PACKAGE_NAME "libusb-compat"
#define PACKAGE_TARNAME "libusb-compat"
#define PACKAGE_VERSION "0.1.3"
#define PACKAGE_STRING "libusb-compat 0.1.3"
#define PACKAGE_BUGREPORT ""
#define PACKAGE "libusb-compat"
#define VERSION "0.1.3"
#define STDC_HEADERS 1
#define HAVE_SYS_TYPES_H 1
#define HAVE_SYS_STAT_H 1
#define HAVE_STDLIB_H 1
#define HAVE_STRING_H 1
#define HAVE_MEMORY_H 1
#define HAVE_STRINGS_H 1
#define HAVE_INTTYPES_H 1
#define HAVE_STDINT_H 1
#define HAVE_UNISTD_H 1
#define HAVE_DLFCN_H 1
#define LT_OBJDIR ".libs/"
#define ENABLE_LOGGING 1
#define API_EXPORTED __attribute__((visibility("default")))

configure: exit 0
